This file contains any messages produced by compilers while
running configure, to aid debugging if configure makes a mistake.

It was created by libsamplerate configure 0.2.1, which was
generated by GNU Autoconf 2.71.  Invocation command line was

  $ ./configure

## --------- ##
## Platform. ##
## --------- ##

hostname = Stephens-Mac-Pro-4.local
uname -m = x86_64
uname -r = 17.7.0
uname -s = Darwin
uname -v = Darwin Kernel Version 17.7.0: Fri Oct 30 13:34:27 PDT 2020; root:xnu-4570.71.82.8~1/RELEASE_X86_64

/usr/bin/uname -p = i386
/bin/uname -X     = unknown

/bin/arch              = unknown
/usr/bin/arch -k       = unknown
/usr/convex/getsysinfo = unknown
/usr/bin/hostinfo      = Mach kernel version:
	 Darwin Kernel Version 17.7.0: Fri Oct 30 13:34:27 PDT 2020; root:xnu-4570.71.82.8~1/RELEASE_X86_64
Kernel configured for up to 24 processors.
12 processors are physically available.
24 processors are logically available.
Processor type: i486 (Intel 80486)
Processors active: 0 1 2 3 4 5 6 7 8 9 10 11 12 13 14 15 16 17 18 19 20 21 22 23
Primary memory available: 64.00 gigabytes
Default processor set: 378 tasks, 2076 threads, 24 processors
Load average: 2.03, Mach factor: 21.96
/bin/machine           = unknown
/usr/bin/oslevel       = unknown
/bin/universe          = unknown

PATH: /opt/local/bin/
PATH: /opt/local/sbin/
PATH: ./
PATH: /usr/local/bin/
PATH: ./
PATH: /usr/local/sbin/
PATH: /usr/local/mysql/bin/
PATH: ~/Applications/
PATH: /opt/pkgconfig/bin/
PATH: /Applications/Coding/Doxygen.app/Contents/Resources/
PATH: /Applications/CMake.app/Contents/bin/
PATH: /Users/stp/Business/Nokia2/HW/platform-tools/
PATH: /usr/local/bin/
PATH: /usr/bin/
PATH: /bin/
PATH: /usr/sbin/
PATH: /sbin/
PATH: /Content/Code/Electron/node_modules/.bin/


## ----------- ##
## Core tests. ##
## ----------- ##

configure:2649: looking for aux files: ltmain.sh compile missing install-sh config.guess config.sub
configure:2662:  trying ./build-aux/
configure:2691:   ./build-aux/ltmain.sh found
configure:2691:   ./build-aux/compile found
configure:2691:   ./build-aux/missing found
configure:2673:   ./build-aux/install-sh found
configure:2691:   ./build-aux/config.guess found
configure:2691:   ./build-aux/config.sub found
configure:2803: checking whether configure should try to set CFLAGS/CPPFLAGS/LDFLAGS
configure:2817: result: no
configure:2830: checking build system type
configure:2845: result: x86_64-apple-darwin17.7.0
configure:2865: checking host system type
configure:2879: result: x86_64-apple-darwin17.7.0
configure:2921: checking for a BSD-compatible install
configure:2994: result: /usr/bin/install -c
configure:3005: checking whether build environment is sane
configure:3060: result: yes
configure:3219: checking for a race-free mkdir -p
configure:3263: result: ./build-aux/install-sh -c -d
configure:3270: checking for gawk
configure:3291: found /opt/local/bin/gawk
configure:3302: result: gawk
configure:3313: checking whether make sets $(MAKE)
configure:3336: result: yes
configure:3366: checking whether make supports nested variables
configure:3384: result: yes
configure:3518: checking whether make supports nested variables
configure:3536: result: yes
configure:3611: checking for gcc
configure:3632: found /usr/bin/gcc
configure:3643: result: gcc
configure:3996: checking for C compiler version
configure:4005: gcc --version >&5
Apple LLVM version 9.1.0 (clang-902.0.39.2)
Target: x86_64-apple-darwin17.7.0
Thread model: posix
InstalledDir: /Applications/Xcode.app/Contents/Developer/Toolchains/XcodeDefault.xctoolchain/usr/bin
Configured with: --prefix=/Applications/Xcode.app/Contents/Developer/usr --with-gxx-include-dir=/usr/include/c++/4.2.1
configure:4016: $? = 0
configure:4005: gcc -v >&5
Configured with: --prefix=/Applications/Xcode.app/Contents/Developer/usr --with-gxx-include-dir=/usr/include/c++/4.2.1
Apple LLVM version 9.1.0 (clang-902.0.39.2)
Target: x86_64-apple-darwin17.7.0
Thread model: posix
InstalledDir: /Applications/Xcode.app/Contents/Developer/Toolchains/XcodeDefault.xctoolchain/usr/bin
configure:4016: $? = 0
configure:4005: gcc -V >&5
clang: error: argument to '-V' is missing (expected 1 value)
clang: error: no input files
configure:4016: $? = 1
configure:4005: gcc -qversion >&5
clang: error: unknown argument: '-qversion'
clang: error: no input files
configure:4016: $? = 1
configure:4005: gcc -version >&5
clang: error: unknown argument: '-version'
clang: error: no input files
configure:4016: $? = 1
configure:4036: checking whether the C compiler works
configure:4058: gcc -Qunused-arguments -w -Qunused-arguments -w -L/usr/local/lib -L/opt/local/lib conftest.c  >&5
configure:4062: $? = 0
configure:4112: result: yes
configure:4115: checking for C compiler default output file name
configure:4117: result: a.out
configure:4123: checking for suffix of executables
configure:4130: gcc -o conftest -Qunused-arguments -w -Qunused-arguments -w -L/usr/local/lib -L/opt/local/lib conftest.c  >&5
configure:4134: $? = 0
configure:4157: result: 
configure:4179: checking whether we are cross compiling
configure:4187: gcc -o conftest -Qunused-arguments -w -Qunused-arguments -w -L/usr/local/lib -L/opt/local/lib conftest.c  >&5
configure:4191: $? = 0
configure:4198: ./conftest
configure:4202: $? = 0
configure:4217: result: no
configure:4222: checking for suffix of object files
configure:4245: gcc -c -Qunused-arguments -w -Qunused-arguments -w conftest.c >&5
configure:4249: $? = 0
configure:4271: result: o
configure:4275: checking whether the compiler supports GNU C
configure:4295: gcc -c -Qunused-arguments -w -Qunused-arguments -w conftest.c >&5
configure:4295: $? = 0
configure:4305: result: yes
configure:4316: checking whether gcc accepts -g
configure:4337: gcc -c -g -Qunused-arguments -w conftest.c >&5
configure:4337: $? = 0
configure:4381: result: yes
configure:4401: checking for gcc option to enable C11 features
configure:4416: gcc  -c -Qunused-arguments -w -Qunused-arguments -w conftest.c >&5
configure:4416: $? = 0
configure:4434: result: none needed
configure:4550: checking whether gcc understands -c and -o together
configure:4573: gcc -c conftest.c -o conftest2.o
configure:4576: $? = 0
configure:4573: gcc -c conftest.c -o conftest2.o
configure:4576: $? = 0
configure:4588: result: yes
configure:4608: checking whether make supports the include directive
configure:4623: make -f confmf.GNU && cat confinc.out
this is the am__doit target
configure:4626: $? = 0
configure:4645: result: yes (GNU style)
configure:4671: checking dependency style of gcc
configure:4783: result: gcc3
configure:4814: checking for C compiler vendor
configure:4862: gcc -c -Qunused-arguments -w -Qunused-arguments -w conftest.c >&5
conftest.c:17:9: error: use of undeclared identifier 'thisisanerror'
        thisisanerror;
        ^
1 error generated.
configure:4862: $? = 1
configure: failed program was:
| /* confdefs.h */
| #define PACKAGE_NAME "libsamplerate"
| #define PACKAGE_TARNAME "libsamplerate"
| #define PACKAGE_VERSION "0.2.1"
| #define PACKAGE_STRING "libsamplerate 0.2.1"
| #define PACKAGE_BUGREPORT "erikd@mega-nerd.com"
| #define PACKAGE_URL "https://github.com/libsndfile/libsamplerate/"
| #define PACKAGE "libsamplerate"
| #define VERSION "0.2.1"
| /* end confdefs.h.  */
| 
| int
| main (void)
| {
| 
|       #if !(defined(__ICC) || defined(__ECC) || defined(__INTEL_COMPILER))
|         thisisanerror;
|       #endif
| 
|   ;
|   return 0;
| }
configure:4862: gcc -c -Qunused-arguments -w -Qunused-arguments -w conftest.c >&5
conftest.c:17:9: error: use of undeclared identifier 'thisisanerror'
        thisisanerror;
        ^
1 error generated.
configure:4862: $? = 1
configure: failed program was:
| /* confdefs.h */
| #define PACKAGE_NAME "libsamplerate"
| #define PACKAGE_TARNAME "libsamplerate"
| #define PACKAGE_VERSION "0.2.1"
| #define PACKAGE_STRING "libsamplerate 0.2.1"
| #define PACKAGE_BUGREPORT "erikd@mega-nerd.com"
| #define PACKAGE_URL "https://github.com/libsndfile/libsamplerate/"
| #define PACKAGE "libsamplerate"
| #define VERSION "0.2.1"
| /* end confdefs.h.  */
| 
| int
| main (void)
| {
| 
|       #if !(defined(__xlc__) || defined(__xlC__) || defined(__IBMC__) || defined(__IBMCPP__))
|         thisisanerror;
|       #endif
| 
|   ;
|   return 0;
| }
configure:4862: gcc -c -Qunused-arguments -w -Qunused-arguments -w conftest.c >&5
conftest.c:17:9: error: use of undeclared identifier 'thisisanerror'
        thisisanerror;
        ^
1 error generated.
configure:4862: $? = 1
configure: failed program was:
| /* confdefs.h */
| #define PACKAGE_NAME "libsamplerate"
| #define PACKAGE_TARNAME "libsamplerate"
| #define PACKAGE_VERSION "0.2.1"
| #define PACKAGE_STRING "libsamplerate 0.2.1"
| #define PACKAGE_BUGREPORT "erikd@mega-nerd.com"
| #define PACKAGE_URL "https://github.com/libsndfile/libsamplerate/"
| #define PACKAGE "libsamplerate"
| #define VERSION "0.2.1"
| /* end confdefs.h.  */
| 
| int
| main (void)
| {
| 
|       #if !(defined(__PATHCC__) || defined(__PATHSCALE__))
|         thisisanerror;
|       #endif
| 
|   ;
|   return 0;
| }
configure:4862: gcc -c -Qunused-arguments -w -Qunused-arguments -w conftest.c >&5
configure:4862: $? = 0
configure:4871: result: clang
configure:4874: checking for a sed that does not truncate output
configure:4944: result: /opt/local/bin/gsed
configure:4951: checking for C compiler version
configure:5126: gcc -o conftest -Qunused-arguments -w -Qunused-arguments -w -L/usr/local/lib -L/opt/local/lib conftest.c  >&5
configure:5126: $? = 0
configure:5126: ./conftest
configure:5126: $? = 0
configure:5136: gcc -o conftest -Qunused-arguments -w -Qunused-arguments -w -L/usr/local/lib -L/opt/local/lib conftest.c  >&5
configure:5136: $? = 0
configure:5136: ./conftest
configure:5136: $? = 0
configure:5146: gcc -o conftest -Qunused-arguments -w -Qunused-arguments -w -L/usr/local/lib -L/opt/local/lib conftest.c  >&5
configure:5146: $? = 0
configure:5146: ./conftest
configure:5146: $? = 0
configure:5928: result: 9.1.0
configure:5932: checking for a sed that does not truncate output
configure:6002: result: /opt/local/bin/gsed
configure:6008: checking whether ln -s works
configure:6012: result: yes
configure:6019: checking whether make sets $(MAKE)
configure:6042: result: yes
configure:6112: checking for pkg-config
configure:6135: found /opt/local/bin/pkg-config
configure:6147: result: /opt/local/bin/pkg-config
configure:6172: checking pkg-config is at least version 0.9.0
configure:6175: result: yes
configure:6249: checking how to print strings
configure:6276: result: printf
configure:6297: checking for a sed that does not truncate output
configure:6367: result: /opt/local/bin/gsed
configure:6385: checking for grep that handles long lines and -e
configure:6449: result: /opt/local/bin/ggrep
configure:6454: checking for egrep
configure:6522: result: /opt/local/bin/ggrep -E
configure:6527: checking for fgrep
configure:6595: result: /opt/local/bin/ggrep -F
configure:6631: checking for ld used by gcc
configure:6699: result: /Applications/Xcode.app/Contents/Developer/Toolchains/XcodeDefault.xctoolchain/usr/bin/ld
configure:6706: checking if the linker (/Applications/Xcode.app/Contents/Developer/Toolchains/XcodeDefault.xctoolchain/usr/bin/ld) is GNU ld
configure:6722: result: no
configure:6734: checking for BSD- or MS-compatible name lister (nm)
configure:6789: result: /opt/local/bin/nm -B
configure:6929: checking the name lister (/opt/local/bin/nm -B) interface
configure:6937: gcc -c -Qunused-arguments -w -Qunused-arguments -w conftest.c >&5
configure:6940: /opt/local/bin/nm -B "conftest.o"
configure:6943: output
0000000000000000 S _some_variable
configure:6950: result: BSD nm
configure:6954: checking the maximum length of command line arguments
configure:7086: result: 196608
configure:7134: checking how to convert x86_64-apple-darwin17.7.0 file names to x86_64-apple-darwin17.7.0 format
configure:7175: result: func_convert_file_noop
configure:7182: checking how to convert x86_64-apple-darwin17.7.0 file names to toolchain format
configure:7203: result: func_convert_file_noop
configure:7210: checking for /Applications/Xcode.app/Contents/Developer/Toolchains/XcodeDefault.xctoolchain/usr/bin/ld option to reload object files
configure:7218: result: -r
configure:7297: checking for objdump
configure:7318: found /usr/bin/objdump
configure:7329: result: objdump
configure:7361: checking how to recognize dependent libraries
configure:7562: result: pass_all
configure:7652: checking for dlltool
configure:7687: result: no
configure:7717: checking how to associate runtime and link libraries
configure:7745: result: printf %s\n
configure:7810: checking for ar
configure:7831: found /opt/local/bin/ar
configure:7842: result: ar
configure:7879: checking for archiver @FILE support
configure:7897: gcc -c -Qunused-arguments -w -Qunused-arguments -w conftest.c >&5
configure:7897: $? = 0
configure:7901: ar cru libconftest.a @conftest.lst >&5
ar: @conftest.lst: No such file or directory
configure:7904: $? = 1
configure:7924: result: no
configure:7987: checking for strip
configure:8008: found /opt/local/bin/strip
configure:8019: result: strip
configure:8096: checking for ranlib
configure:8117: found /opt/local/bin/ranlib
configure:8128: result: ranlib
configure:8230: checking command to parse /opt/local/bin/nm -B output from gcc object
configure:8384: gcc -c -Qunused-arguments -w -Qunused-arguments -w conftest.c >&5
configure:8387: $? = 0
configure:8391: /opt/local/bin/nm -B conftest.o \| sed -n -e 's/^.*[ ]\([BCDEGRST][BCDEGRST]*\)[ ][ ]*\([_A-Za-z][_A-Za-z0-9]*\)$/\1 \2 \2/p' | sed '/ __gnu_lto/d' \> conftest.nm
configure:8394: $? = 0
cannot find nm_test_var in conftest.nm
configure:8384: gcc -c -Qunused-arguments -w -Qunused-arguments -w conftest.c >&5
configure:8387: $? = 0
configure:8391: /opt/local/bin/nm -B conftest.o \| sed -n -e 's/^.*[ ]\([BCDEGRST][BCDEGRST]*\)[ ][ ]*_\([_A-Za-z][_A-Za-z0-9]*\)$/\1 _\2 \2/p' | sed '/ __gnu_lto/d' \> conftest.nm
configure:8394: $? = 0
configure:8460: gcc -o conftest -Qunused-arguments -w -Qunused-arguments -w -L/usr/local/lib -L/opt/local/lib conftest.c conftstm.o >&5
configure:8463: $? = 0
configure:8501: result: ok
configure:8548: checking for sysroot
configure:8579: result: no
configure:8586: checking for a working dd
configure:8630: result: /bin/dd
configure:8634: checking how to truncate binary pipes
configure:8650: result: /bin/dd bs=4096 count=1
configure:8987: checking for mt
configure:9022: result: no
configure:9042: checking if : is a manifest tool
configure:9049: : '-?'
configure:9057: result: no
configure:9118: checking for dsymutil
configure:9139: found /usr/bin/dsymutil
configure:9150: result: dsymutil
configure:9220: checking for nmedit
configure:9241: found /opt/local/bin/nmedit
configure:9252: result: nmedit
configure:9322: checking for lipo
configure:9343: found /opt/local/bin/lipo
configure:9354: result: lipo
configure:9424: checking for otool
configure:9445: found /opt/local/bin/otool
configure:9456: result: otool
configure:9526: checking for otool64
configure:9561: result: no
configure:9606: checking for -single_module linker flag
gcc -Qunused-arguments -w -L/usr/local/lib -L/opt/local/lib -o libconftest.dylib -dynamiclib -Wl,-single_module conftest.c
configure:9640: result: yes
configure:9643: checking for -exported_symbols_list linker flag
configure:9664: gcc -o conftest -Qunused-arguments -w -Qunused-arguments -w -L/usr/local/lib -L/opt/local/lib -Wl,-exported_symbols_list,conftest.sym conftest.c  >&5
configure:9664: $? = 0
configure:9675: result: yes
configure:9678: checking for -force_load linker flag
gcc -Qunused-arguments -w -c -o conftest.o conftest.c
ar cru libconftest.a conftest.o
ranlib libconftest.a
gcc -Qunused-arguments -w -L/usr/local/lib -L/opt/local/lib -o conftest conftest.c -Wl,-force_load,./libconftest.a
configure:9711: result: yes
configure:9782: checking for stdio.h
configure:9782: gcc -c -Qunused-arguments -w -Qunused-arguments -w conftest.c >&5
configure:9782: $? = 0
configure:9782: result: yes
configure:9782: checking for stdlib.h
configure:9782: gcc -c -Qunused-arguments -w -Qunused-arguments -w conftest.c >&5
configure:9782: $? = 0
configure:9782: result: yes
configure:9782: checking for string.h
configure:9782: gcc -c -Qunused-arguments -w -Qunused-arguments -w conftest.c >&5
configure:9782: $? = 0
configure:9782: result: yes
configure:9782: checking for inttypes.h
configure:9782: gcc -c -Qunused-arguments -w -Qunused-arguments -w conftest.c >&5
configure:9782: $? = 0
configure:9782: result: yes
configure:9782: checking for stdint.h
configure:9782: gcc -c -Qunused-arguments -w -Qunused-arguments -w conftest.c >&5
configure:9782: $? = 0
configure:9782: result: yes
configure:9782: checking for strings.h
configure:9782: gcc -c -Qunused-arguments -w -Qunused-arguments -w conftest.c >&5
configure:9782: $? = 0
configure:9782: result: yes
configure:9782: checking for sys/stat.h
configure:9782: gcc -c -Qunused-arguments -w -Qunused-arguments -w conftest.c >&5
configure:9782: $? = 0
configure:9782: result: yes
configure:9782: checking for sys/types.h
configure:9782: gcc -c -Qunused-arguments -w -Qunused-arguments -w conftest.c >&5
configure:9782: $? = 0
configure:9782: result: yes
configure:9782: checking for unistd.h
configure:9782: gcc -c -Qunused-arguments -w -Qunused-arguments -w conftest.c >&5
configure:9782: $? = 0
configure:9782: result: yes
configure:9807: checking for dlfcn.h
configure:9807: gcc -c -Qunused-arguments -w -Qunused-arguments -w conftest.c >&5
configure:9807: $? = 0
configure:9807: result: yes
configure:10065: checking for objdir
configure:10081: result: .libs
configure:10341: checking if gcc supports -fno-rtti -fno-exceptions
configure:10360: gcc -c -Qunused-arguments -w -Qunused-arguments -w -fno-rtti -fno-exceptions conftest.c >&5
configure:10364: $? = 0
configure:10377: result: yes
configure:10735: checking for gcc option to produce PIC
configure:10743: result: -fno-common -DPIC
configure:10751: checking if gcc PIC flag -fno-common -DPIC works
configure:10770: gcc -c -Qunused-arguments -w -Qunused-arguments -w -fno-common -DPIC -DPIC conftest.c >&5
configure:10774: $? = 0
configure:10787: result: yes
configure:10816: checking if gcc static flag -static works
configure:10845: result: no
configure:10860: checking if gcc supports -c -o file.o
configure:10882: gcc -c -Qunused-arguments -w -Qunused-arguments -w -o out/conftest2.o conftest.c >&5
configure:10886: $? = 0
configure:10908: result: yes
configure:10916: checking if gcc supports -c -o file.o
configure:10964: result: yes
configure:10997: checking whether the gcc linker (/Applications/Xcode.app/Contents/Developer/Toolchains/XcodeDefault.xctoolchain/usr/bin/ld) supports shared libraries
configure:12263: result: yes
configure:12504: checking dynamic linker characteristics
configure:13325: result: darwin17.7.0 dyld
configure:13447: checking how to hardcode library paths into programs
configure:13472: result: immediate
configure:14024: checking whether stripping libraries is possible
configure:14038: result: yes
configure:14064: checking if libtool supports shared libraries
configure:14066: result: yes
configure:14069: checking whether to build shared libraries
configure:14094: result: yes
configure:14097: checking whether to build static libraries
configure:14101: result: no
configure:14186: checking for windres
configure:14221: result: no
configure:14330: checking for stdbool.h
configure:14330: gcc -c -Qunused-arguments -w -Qunused-arguments -w conftest.c >&5
configure:14330: $? = 0
configure:14330: result: yes
configure:14336: checking for stdint.h
configure:14336: result: yes
configure:14342: checking for sys/times.h
configure:14342: gcc -c -Qunused-arguments -w -Qunused-arguments -w conftest.c >&5
configure:14342: $? = 0
configure:14342: result: yes
configure:14348: checking for unistd.h
configure:14348: result: yes
configure:14433: checking size of int
configure:14439: gcc -o conftest -Qunused-arguments -w -Qunused-arguments -w -L/usr/local/lib -L/opt/local/lib conftest.c  >&5
configure:14439: $? = 0
configure:14439: ./conftest
configure:14439: $? = 0
configure:14454: result: 4
configure:14466: checking size of long
configure:14472: gcc -o conftest -Qunused-arguments -w -Qunused-arguments -w -L/usr/local/lib -L/opt/local/lib conftest.c  >&5
configure:14472: $? = 0
configure:14472: ./conftest
configure:14472: $? = 0
configure:14487: result: 8
configure:14499: checking size of float
configure:14505: gcc -o conftest -Qunused-arguments -w -Qunused-arguments -w -L/usr/local/lib -L/opt/local/lib conftest.c  >&5
configure:14505: $? = 0
configure:14505: ./conftest
configure:14505: $? = 0
configure:14520: result: 4
configure:14532: checking size of double
configure:14538: gcc -o conftest -Qunused-arguments -w -Qunused-arguments -w -L/usr/local/lib -L/opt/local/lib conftest.c  >&5
configure:14538: $? = 0
configure:14538: ./conftest
configure:14538: $? = 0
configure:14553: result: 8
configure:14563: checking whether byte ordering is bigendian
configure:14579: gcc -c -Qunused-arguments -w -Qunused-arguments -w conftest.c >&5
configure:14579: $? = 0
configure:14625: gcc -c -Qunused-arguments -w -Qunused-arguments -w conftest.c >&5
configure:14625: $? = 0
configure:14644: gcc -c -Qunused-arguments -w -Qunused-arguments -w conftest.c >&5
conftest.c:38:4: error: use of undeclared identifier 'not'
                 not big endian
                 ^
1 error generated.
configure:14644: $? = 1
configure: failed program was:
| /* confdefs.h */
| #define PACKAGE_NAME "libsamplerate"
| #define PACKAGE_TARNAME "libsamplerate"
| #define PACKAGE_VERSION "0.2.1"
| #define PACKAGE_STRING "libsamplerate 0.2.1"
| #define PACKAGE_BUGREPORT "erikd@mega-nerd.com"
| #define PACKAGE_URL "https://github.com/libsndfile/libsamplerate/"
| #define PACKAGE "libsamplerate"
| #define VERSION "0.2.1"
| #define HAVE_STDIO_H 1
| #define HAVE_STDLIB_H 1
| #define HAVE_STRING_H 1
| #define HAVE_INTTYPES_H 1
| #define HAVE_STDINT_H 1
| #define HAVE_STRINGS_H 1
| #define HAVE_SYS_STAT_H 1
| #define HAVE_SYS_TYPES_H 1
| #define HAVE_UNISTD_H 1
| #define STDC_HEADERS 1
| #define HAVE_DLFCN_H 1
| #define LT_OBJDIR ".libs/"
| #define HAVE_STDBOOL_H 1
| #define HAVE_STDINT_H 1
| #define HAVE_SYS_TIMES_H 1
| #define HAVE_UNISTD_H 1
| #define SIZEOF_INT 4
| #define SIZEOF_LONG 8
| #define SIZEOF_FLOAT 4
| #define SIZEOF_DOUBLE 8
| /* end confdefs.h.  */
| #include <sys/types.h>
| 		#include <sys/param.h>
| 
| int
| main (void)
| {
| #if BYTE_ORDER != BIG_ENDIAN
| 		 not big endian
| 		#endif
| 
|   ;
|   return 0;
| }
configure:14778: result: no
configure:14810: checking for malloc
configure:14810: gcc -o conftest -Qunused-arguments -w -Qunused-arguments -w -L/usr/local/lib -L/opt/local/lib conftest.c  >&5
configure:14810: $? = 0
configure:14810: result: yes
configure:14816: checking for calloc
configure:14816: gcc -o conftest -Qunused-arguments -w -Qunused-arguments -w -L/usr/local/lib -L/opt/local/lib conftest.c  >&5
configure:14816: $? = 0
configure:14816: result: yes
configure:14822: checking for free
configure:14822: gcc -o conftest -Qunused-arguments -w -Qunused-arguments -w -L/usr/local/lib -L/opt/local/lib conftest.c  >&5
configure:14822: $? = 0
configure:14822: result: yes
configure:14828: checking for memcpy
configure:14828: gcc -o conftest -Qunused-arguments -w -Qunused-arguments -w -L/usr/local/lib -L/opt/local/lib conftest.c  >&5
configure:14828: $? = 0
configure:14828: result: yes
configure:14834: checking for memmove
configure:14834: gcc -o conftest -Qunused-arguments -w -Qunused-arguments -w -L/usr/local/lib -L/opt/local/lib conftest.c  >&5
configure:14834: $? = 0
configure:14834: result: yes
configure:14840: checking for alarm
configure:14840: gcc -o conftest -Qunused-arguments -w -Qunused-arguments -w -L/usr/local/lib -L/opt/local/lib conftest.c  >&5
configure:14840: $? = 0
configure:14840: result: yes
configure:14846: checking for signal
configure:14846: gcc -o conftest -Qunused-arguments -w -Qunused-arguments -w -L/usr/local/lib -L/opt/local/lib conftest.c  >&5
configure:14846: $? = 0
configure:14846: result: yes
configure:14926: checking for floor
configure:14926: gcc -o conftest -Qunused-arguments -w -Qunused-arguments -w -L/usr/local/lib -L/opt/local/lib conftest.c  >&5
configure:14926: $? = 0
configure:14926: result: yes
configure:14932: checking for ceil
configure:14932: gcc -o conftest -Qunused-arguments -w -Qunused-arguments -w -L/usr/local/lib -L/opt/local/lib conftest.c  >&5
configure:14932: $? = 0
configure:14932: result: yes
configure:14938: checking for fmod
configure:14938: gcc -o conftest -Qunused-arguments -w -Qunused-arguments -w -L/usr/local/lib -L/opt/local/lib conftest.c  >&5
configure:14938: $? = 0
configure:14938: result: yes
configure:14944: checking for lrint
configure:14944: gcc -o conftest -Qunused-arguments -w -Qunused-arguments -w -L/usr/local/lib -L/opt/local/lib conftest.c  >&5
configure:14944: $? = 0
configure:14944: result: yes
configure:14950: checking for lrintf
configure:14950: gcc -o conftest -Qunused-arguments -w -Qunused-arguments -w -L/usr/local/lib -L/opt/local/lib conftest.c  >&5
configure:14950: $? = 0
configure:14950: result: yes
configure:14958: checking for SIGALRM
configure:14979: gcc -o conftest -Qunused-arguments -w -Qunused-arguments -w -L/usr/local/lib -L/opt/local/lib conftest.c  >&5
configure:14979: $? = 0
configure:14990: result: yes
configure:15004: checking processor clipping capabilities
configure:15046: gcc -o conftest -Qunused-arguments -w -Qunused-arguments -w -L/usr/local/lib -L/opt/local/lib conftest.c  >&5
configure:15046: $? = 0
configure:15046: ./conftest
configure:15046: $? = 1
configure: program exited with status 1
configure: failed program was:
| /* confdefs.h */
| #define PACKAGE_NAME "libsamplerate"
| #define PACKAGE_TARNAME "libsamplerate"
| #define PACKAGE_VERSION "0.2.1"
| #define PACKAGE_STRING "libsamplerate 0.2.1"
| #define PACKAGE_BUGREPORT "erikd@mega-nerd.com"
| #define PACKAGE_URL "https://github.com/libsndfile/libsamplerate/"
| #define PACKAGE "libsamplerate"
| #define VERSION "0.2.1"
| #define HAVE_STDIO_H 1
| #define HAVE_STDLIB_H 1
| #define HAVE_STRING_H 1
| #define HAVE_INTTYPES_H 1
| #define HAVE_STDINT_H 1
| #define HAVE_STRINGS_H 1
| #define HAVE_SYS_STAT_H 1
| #define HAVE_SYS_TYPES_H 1
| #define HAVE_UNISTD_H 1
| #define STDC_HEADERS 1
| #define HAVE_DLFCN_H 1
| #define LT_OBJDIR ".libs/"
| #define HAVE_STDBOOL_H 1
| #define HAVE_STDINT_H 1
| #define HAVE_SYS_TIMES_H 1
| #define HAVE_UNISTD_H 1
| #define SIZEOF_INT 4
| #define SIZEOF_LONG 8
| #define SIZEOF_FLOAT 4
| #define SIZEOF_DOUBLE 8
| #define CPU_IS_BIG_ENDIAN 0
| #define CPU_IS_LITTLE_ENDIAN 1
| #define HAVE_MALLOC 1
| #define HAVE_CALLOC 1
| #define HAVE_FREE 1
| #define HAVE_MEMCPY 1
| #define HAVE_MEMMOVE 1
| #define HAVE_ALARM 1
| #define HAVE_SIGNAL 1
| #define HAVE_FLOOR 1
| #define HAVE_CEIL 1
| #define HAVE_FMOD 1
| #define HAVE_LRINT 1
| #define HAVE_LRINTF 1
| #define HAVE_SIGALRM 1
| /* end confdefs.h.  */
| 
| 	#define	_ISOC9X_SOURCE	1
| 	#define _ISOC99_SOURCE	1
| 	#define	__USE_ISOC99	1
| 	#define __USE_ISOC9X	1
| 	#include <math.h>
| 	int main (void)
| 	{	double	fval ;
| 		int k, ival ;
| 
| 		fval = 1.0 * 0x7FFFFFFF ;
| 		for (k = 0 ; k < 100 ; k++)
| 		{	ival = (lrint (fval)) >> 24 ;
| 			if (ival != 127)
| 				return 1 ;
| 
| 			fval *= 1.2499999 ;
| 			} ;
| 
| 			return 0 ;
| 		}
| 
configure:15087: gcc -o conftest -Qunused-arguments -w -Qunused-arguments -w -L/usr/local/lib -L/opt/local/lib conftest.c  >&5
configure:15087: $? = 0
configure:15087: ./conftest
configure:15087: $? = 1
configure: program exited with status 1
configure: failed program was:
| /* confdefs.h */
| #define PACKAGE_NAME "libsamplerate"
| #define PACKAGE_TARNAME "libsamplerate"
| #define PACKAGE_VERSION "0.2.1"
| #define PACKAGE_STRING "libsamplerate 0.2.1"
| #define PACKAGE_BUGREPORT "erikd@mega-nerd.com"
| #define PACKAGE_URL "https://github.com/libsndfile/libsamplerate/"
| #define PACKAGE "libsamplerate"
| #define VERSION "0.2.1"
| #define HAVE_STDIO_H 1
| #define HAVE_STDLIB_H 1
| #define HAVE_STRING_H 1
| #define HAVE_INTTYPES_H 1
| #define HAVE_STDINT_H 1
| #define HAVE_STRINGS_H 1
| #define HAVE_SYS_STAT_H 1
| #define HAVE_SYS_TYPES_H 1
| #define HAVE_UNISTD_H 1
| #define STDC_HEADERS 1
| #define HAVE_DLFCN_H 1
| #define LT_OBJDIR ".libs/"
| #define HAVE_STDBOOL_H 1
| #define HAVE_STDINT_H 1
| #define HAVE_SYS_TIMES_H 1
| #define HAVE_UNISTD_H 1
| #define SIZEOF_INT 4
| #define SIZEOF_LONG 8
| #define SIZEOF_FLOAT 4
| #define SIZEOF_DOUBLE 8
| #define CPU_IS_BIG_ENDIAN 0
| #define CPU_IS_LITTLE_ENDIAN 1
| #define HAVE_MALLOC 1
| #define HAVE_CALLOC 1
| #define HAVE_FREE 1
| #define HAVE_MEMCPY 1
| #define HAVE_MEMMOVE 1
| #define HAVE_ALARM 1
| #define HAVE_SIGNAL 1
| #define HAVE_FLOOR 1
| #define HAVE_CEIL 1
| #define HAVE_FMOD 1
| #define HAVE_LRINT 1
| #define HAVE_LRINTF 1
| #define HAVE_SIGALRM 1
| /* end confdefs.h.  */
| 
| 	#define	_ISOC9X_SOURCE	1
| 	#define _ISOC99_SOURCE	1
| 	#define	__USE_ISOC99	1
| 	#define __USE_ISOC9X	1
| 	#include <math.h>
| 	int main (void)
| 	{	double	fval ;
| 		int k, ival ;
| 
| 		fval = -8.0 * 0x10000000 ;
| 		for (k = 0 ; k < 100 ; k++)
| 		{	ival = (lrint (fval)) >> 24 ;
| 			if (ival != -128)
| 				return 1 ;
| 
| 			fval *= 1.2499999 ;
| 			} ;
| 
| 			return 0 ;
| 		}
| 
configure:15130: result: none
configure:15157: checking for sndfile >= 1.0.6
configure:15164: $PKG_CONFIG --exists --print-errors "sndfile >= 1.0.6"
configure:15167: $? = 0
configure:15181: $PKG_CONFIG --exists --print-errors "sndfile >= 1.0.6"
configure:15184: $? = 0
configure:15244: result: yes
configure:15270: checking for alsa
configure:15277: $PKG_CONFIG --exists --print-errors "alsa"
Package alsa was not found in the pkg-config search path.
Perhaps you should add the directory containing `alsa.pc'
to the PKG_CONFIG_PATH environment variable
No package 'alsa' found
configure:15280: $? = 1
configure:15294: $PKG_CONFIG --exists --print-errors "alsa"
Package alsa was not found in the pkg-config search path.
Perhaps you should add the directory containing `alsa.pc'
to the PKG_CONFIG_PATH environment variable
No package 'alsa' found
configure:15297: $? = 1
configure:15311: result: no
No package 'alsa' found
configure:15375: checking for fftw3 >= 3.0.0
configure:15382: $PKG_CONFIG --exists --print-errors "fftw3 >= 3.0.0"
configure:15385: $? = 0
configure:15399: $PKG_CONFIG --exists --print-errors "fftw3 >= 3.0.0"
configure:15402: $? = 0
configure:15462: result: yes
configure:15783: checking whether C compiler accepts -W
configure:15803: gcc -c -Qunused-arguments -w  -W -Qunused-arguments -w conftest.c >&5
configure:15803: $? = 0
configure:15813: result: yes
configure:15831: : CFLAGS="$CFLAGS"
configure:15834: $? = 0
configure:15783: checking whether C compiler accepts -Wstrict-prototypes
configure:15803: gcc -c -Qunused-arguments -w -W  -Wstrict-prototypes -Qunused-arguments -w conftest.c >&5
configure:15803: $? = 0
configure:15813: result: yes
configure:15831: : CFLAGS="$CFLAGS"
configure:15834: $? = 0
configure:15783: checking whether C compiler accepts -Wmissing-prototypes
configure:15803: gcc -c -Qunused-arguments -w -W -Wstrict-prototypes  -Wmissing-prototypes -Qunused-arguments -w conftest.c >&5
configure:15803: $? = 0
configure:15813: result: yes
configure:15831: : CFLAGS="$CFLAGS"
configure:15834: $? = 0
configure:15783: checking whether C compiler accepts -Wall
configure:15803: gcc -c -Qunused-arguments -w -W -Wstrict-prototypes -Wmissing-prototypes  -Wall -Qunused-arguments -w conftest.c >&5
configure:15803: $? = 0
configure:15813: result: yes
configure:15831: : CFLAGS="$CFLAGS"
configure:15834: $? = 0
configure:15783: checking whether C compiler accepts -Waggregate-return
configure:15803: gcc -c -Qunused-arguments -w -W -Wstrict-prototypes -Wmissing-prototypes -Wall  -Waggregate-return -Qunused-arguments -w conftest.c >&5
configure:15803: $? = 0
configure:15813: result: yes
configure:15831: : CFLAGS="$CFLAGS"
configure:15834: $? = 0
configure:15783: checking whether C compiler accepts -Wcast-align
configure:15803: gcc -c -Qunused-arguments -w -W -Wstrict-prototypes -Wmissing-prototypes -Wall -Waggregate-return  -Wcast-align -Qunused-arguments -w conftest.c >&5
configure:15803: $? = 0
configure:15813: result: yes
configure:15831: : CFLAGS="$CFLAGS"
configure:15834: $? = 0
configure:15783: checking whether C compiler accepts -Wcast-qual
configure:15803: gcc -c -Qunused-arguments -w -W -Wstrict-prototypes -Wmissing-prototypes -Wall -Waggregate-return -Wcast-align  -Wcast-qual -Qunused-arguments -w conftest.c >&5
configure:15803: $? = 0
configure:15813: result: yes
configure:15831: : CFLAGS="$CFLAGS"
configure:15834: $? = 0
configure:15783: checking whether C compiler accepts -Wnested-externs
configure:15803: gcc -c -Qunused-arguments -w -W -Wstrict-prototypes -Wmissing-prototypes -Wall -Waggregate-return -Wcast-align -Wcast-qual  -Wnested-externs -Qunused-arguments -w conftest.c >&5
configure:15803: $? = 0
configure:15813: result: yes
configure:15831: : CFLAGS="$CFLAGS"
configure:15834: $? = 0
configure:15783: checking whether C compiler accepts -Wshadow
configure:15803: gcc -c -Qunused-arguments -w -W -Wstrict-prototypes -Wmissing-prototypes -Wall -Waggregate-return -Wcast-align -Wcast-qual -Wnested-externs  -Wshadow -Qunused-arguments -w conftest.c >&5
configure:15803: $? = 0
configure:15813: result: yes
configure:15831: : CFLAGS="$CFLAGS"
configure:15834: $? = 0
configure:15783: checking whether C compiler accepts -Wpointer-arith
configure:15803: gcc -c -Qunused-arguments -w -W -Wstrict-prototypes -Wmissing-prototypes -Wall -Waggregate-return -Wcast-align -Wcast-qual -Wnested-externs -Wshadow  -Wpointer-arith -Qunused-arguments -w conftest.c >&5
configure:15803: $? = 0
configure:15813: result: yes
configure:15831: : CFLAGS="$CFLAGS"
configure:15834: $? = 0
configure:15863: checking whether the -Werror option is usable
configure:15882: gcc -c -Qunused-arguments -w -W -Wstrict-prototypes -Wmissing-prototypes -Wall -Waggregate-return -Wcast-align -Wcast-qual -Wnested-externs -Wshadow -Wpointer-arith -Werror -Qunused-arguments -w conftest.c >&5
configure:15882: $? = 0
configure:15892: result: yes
configure:15894: checking for simple visibility declarations
configure:15922: gcc -c -Qunused-arguments -w -W -Wstrict-prototypes -Wmissing-prototypes -Wall -Waggregate-return -Wcast-align -Wcast-qual -Wnested-externs -Wshadow -Wpointer-arith -fvisibility=hidden -Werror -Qunused-arguments -w conftest.c >&5
configure:15922: $? = 0
configure:15932: result: yes
configure:16102: checking that generated files are newer than configure
configure:16108: result: done
configure:16136: creating ./config.status

## ---------------------- ##
## Running config.status. ##
## ---------------------- ##

This file was extended by libsamplerate config.status 0.2.1, which was
generated by GNU Autoconf 2.71.  Invocation command line was

  CONFIG_FILES    = 
  CONFIG_HEADERS  = 
  CONFIG_LINKS    = 
  CONFIG_COMMANDS = 
  $ ./config.status 

on Stephens-Mac-Pro-4.local

config.status:1172: creating Makefile
config.status:1172: creating src/Version_script
config.status:1172: creating libsamplerate.spec
config.status:1172: creating samplerate.pc
config.status:1172: creating src/config.h
config.status:1401: executing depfiles commands
config.status:1478: cd .       && sed -e '/# am--include-marker/d' Makefile         | make -f - am--depfiles
config.status:1483: $? = 0
config.status:1401: executing libtool commands
configure:18533: result:
-=-=-=-=-=-=-=-=-=-= Configuration Complete =-=-=-=-=-=-=-=-=-=-=-

  Configuration summary :

    libsamplerate version : ............... 0.2.1

    Host CPU : ............................ x86_64
    Host Vendor : ......................... apple
    Host OS : ............................. darwin17.7.0

    CFLAGS : .............................. -Qunused-arguments -w -W -Wstrict-prototypes -Wmissing-prototypes -Wall -Waggregate-return -Wcast-align -Wcast-qual -Wnested-externs -Wshadow -Wpointer-arith
    CPPFLAGS : ............................ -Qunused-arguments -w
    LDFLAGS : ............................. -L/usr/local/lib -L/opt/local/lib

  Tools :

    C Compiler Vendor is : ................ clang (9.1.0)

  Extra tools required for testing and examples :

    Have libsndfile : ..................... yes
    Have ALSA : ........................... no (auto)
    Have FFTW : ........................... yes

  Converter configuration :
    Sinc fast : ........................... yes
    Sinc balanced : ....................... yes
    Sinc best : ........................... yes

  Installation directories :

    Library directory : ................... /usr/local/lib
    Program directory : ................... /usr/local/bin
    Pkgconfig directory : ................. /usr/local/lib/pkgconfig
    HTML docs directory : ................. /usr/local/share/doc/libsamplerate

Compiling some other packages against libsamplerate may require
the addition of '/usr/local/lib/pkgconfig' to the
PKG_CONFIG_PATH environment variable.


## ---------------- ##
## Cache variables. ##
## ---------------- ##

ac_cv_build=x86_64-apple-darwin17.7.0
ac_cv_c_big_endian=0
ac_cv_c_bigendian=no
ac_cv_c_clip_negative=0
ac_cv_c_clip_positive=0
ac_cv_c_clip_type=none
ac_cv_c_compiler_gnu=yes
ac_cv_c_little_endian=1
ac_cv_env_ALSA_CFLAGS_set=
ac_cv_env_ALSA_CFLAGS_value=
ac_cv_env_ALSA_LIBS_set=
ac_cv_env_ALSA_LIBS_value=
ac_cv_env_CC_set=
ac_cv_env_CC_value=
ac_cv_env_CFLAGS_set=set
ac_cv_env_CFLAGS_value='-Qunused-arguments -w'
ac_cv_env_CPPFLAGS_set=set
ac_cv_env_CPPFLAGS_value='-Qunused-arguments -w'
ac_cv_env_FFTW3_CFLAGS_set=
ac_cv_env_FFTW3_CFLAGS_value=
ac_cv_env_FFTW3_LIBS_set=
ac_cv_env_FFTW3_LIBS_value=
ac_cv_env_LDFLAGS_set=set
ac_cv_env_LDFLAGS_value='-L/usr/local/lib -L/opt/local/lib'
ac_cv_env_LIBS_set=
ac_cv_env_LIBS_value=
ac_cv_env_LT_SYS_LIBRARY_PATH_set=
ac_cv_env_LT_SYS_LIBRARY_PATH_value=
ac_cv_env_PKG_CONFIG_LIBDIR_set=
ac_cv_env_PKG_CONFIG_LIBDIR_value=
ac_cv_env_PKG_CONFIG_PATH_set=set
ac_cv_env_PKG_CONFIG_PATH_value=' /opt/local/lib/pkgconfig:/usr/local/lib/pkgconfig'
ac_cv_env_PKG_CONFIG_set=
ac_cv_env_PKG_CONFIG_value=
ac_cv_env_SNDFILE_CFLAGS_set=
ac_cv_env_SNDFILE_CFLAGS_value=
ac_cv_env_SNDFILE_LIBS_set=
ac_cv_env_SNDFILE_LIBS_value=
ac_cv_env_build_alias_set=
ac_cv_env_build_alias_value=
ac_cv_env_host_alias_set=
ac_cv_env_host_alias_value=
ac_cv_env_target_alias_set=
ac_cv_env_target_alias_value=
ac_cv_func_alarm=yes
ac_cv_func_calloc=yes
ac_cv_func_ceil=yes
ac_cv_func_floor=yes
ac_cv_func_fmod=yes
ac_cv_func_free=yes
ac_cv_func_lrint=yes
ac_cv_func_lrintf=yes
ac_cv_func_malloc=yes
ac_cv_func_memcpy=yes
ac_cv_func_memmove=yes
ac_cv_func_signal=yes
ac_cv_header_dlfcn_h=yes
ac_cv_header_inttypes_h=yes
ac_cv_header_stdbool_h=yes
ac_cv_header_stdint_h=yes
ac_cv_header_stdio_h=yes
ac_cv_header_stdlib_h=yes
ac_cv_header_string_h=yes
ac_cv_header_strings_h=yes
ac_cv_header_sys_stat_h=yes
ac_cv_header_sys_times_h=yes
ac_cv_header_sys_types_h=yes
ac_cv_header_unistd_h=yes
ac_cv_host=x86_64-apple-darwin17.7.0
ac_cv_objext=o
ac_cv_path_EGREP='/opt/local/bin/ggrep -E'
ac_cv_path_FGREP='/opt/local/bin/ggrep -F'
ac_cv_path_GREP=/opt/local/bin/ggrep
ac_cv_path_SED=/opt/local/bin/gsed
ac_cv_path_ac_pt_PKG_CONFIG=/opt/local/bin/pkg-config
ac_cv_path_install='/usr/bin/install -c'
ac_cv_path_lt_DD=/bin/dd
ac_cv_prog_AWK=gawk
ac_cv_prog_ac_ct_AR=ar
ac_cv_prog_ac_ct_CC=gcc
ac_cv_prog_ac_ct_DSYMUTIL=dsymutil
ac_cv_prog_ac_ct_LIPO=lipo
ac_cv_prog_ac_ct_NMEDIT=nmedit
ac_cv_prog_ac_ct_OBJDUMP=objdump
ac_cv_prog_ac_ct_OTOOL=otool
ac_cv_prog_ac_ct_RANLIB=ranlib
ac_cv_prog_ac_ct_STRIP=strip
ac_cv_prog_cc_c11=
ac_cv_prog_cc_g=yes
ac_cv_prog_cc_stdc=
ac_cv_prog_make_make_set=yes
ac_cv_signal_SIGALRM=yes
ac_cv_sizeof_double=8
ac_cv_sizeof_float=4
ac_cv_sizeof_int=4
ac_cv_sizeof_long=8
am_cv_CC_dependencies_compiler_type=gcc3
am_cv_make_support_nested_variables=yes
am_cv_prog_cc_c_o=yes
ax_cv_c_compiler_vendor=clang
ax_cv_c_compiler_version=9.1.0
ax_cv_check_cflags___W=yes
ax_cv_check_cflags___Waggregate_return=yes
ax_cv_check_cflags___Wall=yes
ax_cv_check_cflags___Wcast_align=yes
ax_cv_check_cflags___Wcast_qual=yes
ax_cv_check_cflags___Wmissing_prototypes=yes
ax_cv_check_cflags___Wnested_externs=yes
ax_cv_check_cflags___Wpointer_arith=yes
ax_cv_check_cflags___Wshadow=yes
ax_cv_check_cflags___Wstrict_prototypes=yes
gl_cv_cc_vis_werror=yes
gl_cv_cc_visibility=yes
lt_cv_apple_cc_single_mod=yes
lt_cv_ar_at_file=no
lt_cv_deplibs_check_method=pass_all
lt_cv_file_magic_cmd='$MAGIC_CMD'
lt_cv_file_magic_test_file=
lt_cv_ld_exported_symbols_list=yes
lt_cv_ld_force_load=yes
lt_cv_ld_reload_flag=-r
lt_cv_nm_interface='BSD nm'
lt_cv_objdir=.libs
lt_cv_path_LD=/Applications/Xcode.app/Contents/Developer/Toolchains/XcodeDefault.xctoolchain/usr/bin/ld
lt_cv_path_NM='/opt/local/bin/nm -B'
lt_cv_path_mainfest_tool=no
lt_cv_prog_compiler_c_o=yes
lt_cv_prog_compiler_c_o_RC=yes
lt_cv_prog_compiler_pic='-fno-common -DPIC'
lt_cv_prog_compiler_pic_works=yes
lt_cv_prog_compiler_rtti_exceptions=yes
lt_cv_prog_compiler_static_works=no
lt_cv_prog_gnu_ld=no
lt_cv_sharedlib_from_linklib_cmd='printf %s\n'
lt_cv_sys_global_symbol_pipe='sed -n -e '\''s/^.*[	 ]\([BCDEGRST][BCDEGRST]*\)[	 ][	 ]*_\([_A-Za-z][_A-Za-z0-9]*\)$/\1 _\2 \2/p'\'' | sed '\''/ __gnu_lto/d'\'''
lt_cv_sys_global_symbol_to_c_name_address='sed -n -e '\''s/^: \(.*\) .*$/  {"\1", (void *) 0},/p'\'' -e '\''s/^[BCDEGRST][BCDEGRST]* .* \(.*\)$/  {"\1", (void *) \&\1},/p'\'''
lt_cv_sys_global_symbol_to_c_name_address_lib_prefix='sed -n -e '\''s/^: \(.*\) .*$/  {"\1", (void *) 0},/p'\'' -e '\''s/^[BCDEGRST][BCDEGRST]* .* \(lib.*\)$/  {"\1", (void *) \&\1},/p'\'' -e '\''s/^[BCDEGRST][BCDEGRST]* .* \(.*\)$/  {"lib\1", (void *) \&\1},/p'\'''
lt_cv_sys_global_symbol_to_cdecl='sed -n -e '\''s/^T .* \(.*\)$/extern int \1();/p'\'' -e '\''s/^[BCDEGRST][BCDEGRST]* .* \(.*\)$/extern char \1;/p'\'''
lt_cv_sys_global_symbol_to_import=
lt_cv_sys_max_cmd_len=196608
lt_cv_to_host_file_cmd=func_convert_file_noop
lt_cv_to_tool_file_cmd=func_convert_file_noop
lt_cv_truncate_bin='/bin/dd bs=4096 count=1'
pkg_cv_FFTW3_CFLAGS=-I/usr/local/include
pkg_cv_FFTW3_LIBS='-L/usr/local/lib -lfftw3'
pkg_cv_SNDFILE_CFLAGS=-I/usr/local/include
pkg_cv_SNDFILE_LIBS='-L/usr/local/lib -lsndfile'

## ----------------- ##
## Output variables. ##
## ----------------- ##

ACLOCAL='${SHELL} '\''/Content/Code/CSL6/Libs/libsamplerate-master/build-aux/missing'\'' aclocal-1.16'
ALSA_CFLAGS=''
ALSA_LIBS=''
AMDEPBACKSLASH='\'
AMDEP_FALSE='#'
AMDEP_TRUE=''
AMTAR='$${TAR-tar}'
AM_BACKSLASH='\'
AM_DEFAULT_V='$(AM_DEFAULT_VERBOSITY)'
AM_DEFAULT_VERBOSITY='0'
AM_V='$(V)'
AR='ar'
AUDIO_CFLAGS=''
AUDIO_LIBS='-framework CoreAudio'
AUTOCONF='${SHELL} '\''/Content/Code/CSL6/Libs/libsamplerate-master/build-aux/missing'\'' autoconf'
AUTOHEADER='${SHELL} '\''/Content/Code/CSL6/Libs/libsamplerate-master/build-aux/missing'\'' autoheader'
AUTOMAKE='${SHELL} '\''/Content/Code/CSL6/Libs/libsamplerate-master/build-aux/missing'\'' automake-1.16'
AWK='gawk'
CC='gcc'
CCDEPMODE='depmode=gcc3'
CFLAGS='-Qunused-arguments -w -W -Wstrict-prototypes -Wmissing-prototypes -Wall -Waggregate-return -Wcast-align -Wcast-qual -Wnested-externs -Wshadow -Wpointer-arith'
CFLAG_VISIBILITY='-fvisibility=hidden'
CPPFLAGS='-Qunused-arguments -w'
CYGPATH_W='echo'
DEFS='-DHAVE_CONFIG_H'
DEPDIR='.deps'
DLLTOOL='false'
DSYMUTIL='dsymutil'
DUMPBIN=''
ECHO_C='\c'
ECHO_N=''
ECHO_T=''
EGREP='/opt/local/bin/ggrep -E'
EXEEXT=''
FFTW3_CFLAGS='-I/usr/local/include'
FFTW3_LIBS='-L/usr/local/lib -lfftw3'
FGREP='/opt/local/bin/ggrep -F'
GREP='/opt/local/bin/ggrep'
HAVE_LIBSNDFILE_FALSE='#'
HAVE_LIBSNDFILE_TRUE=''
HAVE_VISIBILITY='1'
INSTALL_DATA='${INSTALL} -m 644'
INSTALL_PROGRAM='${INSTALL}'
INSTALL_SCRIPT='${INSTALL}'
INSTALL_STRIP_PROGRAM='$(install_sh) -c -s'
LD='/Applications/Xcode.app/Contents/Developer/Toolchains/XcodeDefault.xctoolchain/usr/bin/ld'
LDFLAGS='-L/usr/local/lib -L/opt/local/lib'
LIBOBJS=''
LIBS=''
LIBTOOL='$(SHELL) $(top_builddir)/libtool'
LIPO='lipo'
LN_S='ln -s'
LTLIBOBJS=''
LT_SYS_LIBRARY_PATH=''
MAKEINFO='${SHELL} '\''/Content/Code/CSL6/Libs/libsamplerate-master/build-aux/missing'\'' makeinfo'
MANIFEST_TOOL=':'
MKDIR_P='./build-aux/install-sh -c -d'
NM='/opt/local/bin/nm -B'
NMEDIT='nmedit'
OBJDUMP='objdump'
OBJEXT='o'
OTOOL64=':'
OTOOL='otool'
PACKAGE='libsamplerate'
PACKAGE_BUGREPORT='erikd@mega-nerd.com'
PACKAGE_NAME='libsamplerate'
PACKAGE_STRING='libsamplerate 0.2.1'
PACKAGE_TARNAME='libsamplerate'
PACKAGE_URL='https://github.com/libsndfile/libsamplerate/'
PACKAGE_VERSION='0.2.1'
PATH_SEPARATOR=':'
PKG_CONFIG='/opt/local/bin/pkg-config'
PKG_CONFIG_LIBDIR=''
PKG_CONFIG_PATH=' /opt/local/lib/pkgconfig:/usr/local/lib/pkgconfig'
RANLIB='ranlib'
RC=''
SED='/opt/local/bin/gsed'
SET_MAKE=''
SHARED_VERSION_INFO='2:1:2'
SHELL='/bin/sh'
SHLIB_VERSION_ARG=''
SNDFILE_CFLAGS='-I/usr/local/include'
SNDFILE_LIBS='-L/usr/local/lib -lsndfile'
STRIP='strip'
VERSION='0.2.1'
ac_ct_AR='ar'
ac_ct_CC='gcc'
ac_ct_DUMPBIN=''
am__EXEEXT_FALSE=''
am__EXEEXT_TRUE='#'
am__fastdepCC_FALSE='#'
am__fastdepCC_TRUE=''
am__include='include'
am__isrc=''
am__leading_dot='.'
am__nodep='_no'
am__quote=''
am__tar='$${TAR-tar} chof - "$$tardir"'
am__untar='$${TAR-tar} xf -'
bindir='${exec_prefix}/bin'
build='x86_64-apple-darwin17.7.0'
build_alias=''
build_cpu='x86_64'
build_os='darwin17.7.0'
build_vendor='apple'
datadir='${datarootdir}'
datarootdir='${prefix}/share'
docdir='${datarootdir}/doc/${PACKAGE_TARNAME}'
dvidir='${docdir}'
exec_prefix='${prefix}'
host='x86_64-apple-darwin17.7.0'
host_alias=''
host_cpu='x86_64'
host_os='darwin17.7.0'
host_vendor='apple'
htmldir='${docdir}'
includedir='${prefix}/include'
infodir='${datarootdir}/info'
install_sh='${SHELL} /Content/Code/CSL6/Libs/libsamplerate-master/build-aux/install-sh'
libdir='${exec_prefix}/lib'
libexecdir='${exec_prefix}/libexec'
localedir='${datarootdir}/locale'
localstatedir='${prefix}/var'
mandir='${datarootdir}/man'
mkdir_p='$(MKDIR_P)'
oldincludedir='/usr/include'
pdfdir='${docdir}'
pkgconfigdir='${libdir}/pkgconfig'
prefix='/usr/local'
program_transform_name='s,x,x,'
psdir='${docdir}'
runstatedir='${localstatedir}/run'
sbindir='${exec_prefix}/sbin'
sharedstatedir='${prefix}/com'
sysconfdir='${prefix}/etc'
target_alias=''

## ----------- ##
## confdefs.h. ##
## ----------- ##

/* confdefs.h */
#define PACKAGE_NAME "libsamplerate"
#define PACKAGE_TARNAME "libsamplerate"
#define PACKAGE_VERSION "0.2.1"
#define PACKAGE_STRING "libsamplerate 0.2.1"
#define PACKAGE_BUGREPORT "erikd@mega-nerd.com"
#define PACKAGE_URL "https://github.com/libsndfile/libsamplerate/"
#define PACKAGE "libsamplerate"
#define VERSION "0.2.1"
#define HAVE_STDIO_H 1
#define HAVE_STDLIB_H 1
#define HAVE_STRING_H 1
#define HAVE_INTTYPES_H 1
#define HAVE_STDINT_H 1
#define HAVE_STRINGS_H 1
#define HAVE_SYS_STAT_H 1
#define HAVE_SYS_TYPES_H 1
#define HAVE_UNISTD_H 1
#define STDC_HEADERS 1
#define HAVE_DLFCN_H 1
#define LT_OBJDIR ".libs/"
#define HAVE_STDBOOL_H 1
#define HAVE_STDINT_H 1
#define HAVE_SYS_TIMES_H 1
#define HAVE_UNISTD_H 1
#define SIZEOF_INT 4
#define SIZEOF_LONG 8
#define SIZEOF_FLOAT 4
#define SIZEOF_DOUBLE 8
#define CPU_IS_BIG_ENDIAN 0
#define CPU_IS_LITTLE_ENDIAN 1
#define HAVE_MALLOC 1
#define HAVE_CALLOC 1
#define HAVE_FREE 1
#define HAVE_MEMCPY 1
#define HAVE_MEMMOVE 1
#define HAVE_ALARM 1
#define HAVE_SIGNAL 1
#define HAVE_FLOOR 1
#define HAVE_CEIL 1
#define HAVE_FMOD 1
#define HAVE_LRINT 1
#define HAVE_LRINTF 1
#define HAVE_SIGALRM 1
#define CPU_CLIPS_POSITIVE 0
#define CPU_CLIPS_NEGATIVE 0
#define HAVE_SNDFILE 1
#define HAVE_FFTW3 1
#define ENABLE_SINC_FAST_CONVERTER yes
#define ENABLE_SINC_MEDIUM_CONVERTER yes
#define ENABLE_SINC_BEST_CONVERTER yes
#define HAVE_VISIBILITY 1

configure: exit 0
