Determining if the include file alsa/asoundlib.h exists failed with the following output:
Change Dir: /Users/stp/Code/CSL6/Libs/libsndfile-1.0.28/CMakeFiles/CMakeTmp

Run Build Command(s):/opt/homebrew/bin/gmake -f Makefile cmTC_72156/fast && /opt/homebrew/bin/gmake  -f CMakeFiles/cmTC_72156.dir/build.make CMakeFiles/cmTC_72156.dir/build
gmake[1]: Entering directory '/Users/stp/Code/CSL6/Libs/libsndfile-1.0.28/CMakeFiles/CMakeTmp'
Building C object CMakeFiles/cmTC_72156.dir/CheckIncludeFile.c.o
/Applications/Xcode.app/Contents/Developer/Toolchains/XcodeDefault.xctoolchain/usr/bin/cc   -Qunused-arguments -w  -arch arm64 -isysroot /Applications/Xcode.app/Contents/Developer/Platforms/MacOSX.platform/Developer/SDKs/MacOSX12.3.sdk -MD -MT CMakeFiles/cmTC_72156.dir/CheckIncludeFile.c.o -MF CMakeFiles/cmTC_72156.dir/CheckIncludeFile.c.o.d -o CMakeFiles/cmTC_72156.dir/CheckIncludeFile.c.o -c /Users/stp/Code/CSL6/Libs/libsndfile-1.0.28/CMakeFiles/CMakeTmp/CheckIncludeFile.c
/Users/stp/Code/CSL6/Libs/libsndfile-1.0.28/CMakeFiles/CMakeTmp/CheckIncludeFile.c:1:10: fatal error: 'alsa/asoundlib.h' file not found
#include <alsa/asoundlib.h>
         ^~~~~~~~~~~~~~~~~~
1 error generated.
gmake[1]: *** [CMakeFiles/cmTC_72156.dir/build.make:79: CMakeFiles/cmTC_72156.dir/CheckIncludeFile.c.o] Error 1
gmake[1]: Leaving directory '/Users/stp/Code/CSL6/Libs/libsndfile-1.0.28/CMakeFiles/CMakeTmp'
gmake: *** [Makefile:127: cmTC_72156/fast] Error 2



Determining if the include file byteswap.h exists failed with the following output:
Change Dir: /Users/stp/Code/CSL6/Libs/libsndfile-1.0.28/CMakeFiles/CMakeTmp

Run Build Command(s):/opt/homebrew/bin/gmake -f Makefile cmTC_6cd05/fast && /opt/homebrew/bin/gmake  -f CMakeFiles/cmTC_6cd05.dir/build.make CMakeFiles/cmTC_6cd05.dir/build
gmake[1]: Entering directory '/Users/stp/Code/CSL6/Libs/libsndfile-1.0.28/CMakeFiles/CMakeTmp'
Building C object CMakeFiles/cmTC_6cd05.dir/CheckIncludeFile.c.o
/Applications/Xcode.app/Contents/Developer/Toolchains/XcodeDefault.xctoolchain/usr/bin/cc   -Qunused-arguments -w  -arch arm64 -isysroot /Applications/Xcode.app/Contents/Developer/Platforms/MacOSX.platform/Developer/SDKs/MacOSX12.3.sdk -MD -MT CMakeFiles/cmTC_6cd05.dir/CheckIncludeFile.c.o -MF CMakeFiles/cmTC_6cd05.dir/CheckIncludeFile.c.o.d -o CMakeFiles/cmTC_6cd05.dir/CheckIncludeFile.c.o -c /Users/stp/Code/CSL6/Libs/libsndfile-1.0.28/CMakeFiles/CMakeTmp/CheckIncludeFile.c
/Users/stp/Code/CSL6/Libs/libsndfile-1.0.28/CMakeFiles/CMakeTmp/CheckIncludeFile.c:1:10: fatal error: 'byteswap.h' file not found
#include <byteswap.h>
         ^~~~~~~~~~~~
1 error generated.
gmake[1]: *** [CMakeFiles/cmTC_6cd05.dir/build.make:79: CMakeFiles/cmTC_6cd05.dir/CheckIncludeFile.c.o] Error 1
gmake[1]: Leaving directory '/Users/stp/Code/CSL6/Libs/libsndfile-1.0.28/CMakeFiles/CMakeTmp'
gmake: *** [Makefile:127: cmTC_6cd05/fast] Error 2



Determining if the include file endian.h exists failed with the following output:
Change Dir: /Users/stp/Code/CSL6/Libs/libsndfile-1.0.28/CMakeFiles/CMakeTmp

Run Build Command(s):/opt/homebrew/bin/gmake -f Makefile cmTC_05632/fast && /opt/homebrew/bin/gmake  -f CMakeFiles/cmTC_05632.dir/build.make CMakeFiles/cmTC_05632.dir/build
gmake[1]: Entering directory '/Users/stp/Code/CSL6/Libs/libsndfile-1.0.28/CMakeFiles/CMakeTmp'
Building C object CMakeFiles/cmTC_05632.dir/CheckIncludeFile.c.o
/Applications/Xcode.app/Contents/Developer/Toolchains/XcodeDefault.xctoolchain/usr/bin/cc   -Qunused-arguments -w  -arch arm64 -isysroot /Applications/Xcode.app/Contents/Developer/Platforms/MacOSX.platform/Developer/SDKs/MacOSX12.3.sdk -MD -MT CMakeFiles/cmTC_05632.dir/CheckIncludeFile.c.o -MF CMakeFiles/cmTC_05632.dir/CheckIncludeFile.c.o.d -o CMakeFiles/cmTC_05632.dir/CheckIncludeFile.c.o -c /Users/stp/Code/CSL6/Libs/libsndfile-1.0.28/CMakeFiles/CMakeTmp/CheckIncludeFile.c
/Users/stp/Code/CSL6/Libs/libsndfile-1.0.28/CMakeFiles/CMakeTmp/CheckIncludeFile.c:1:10: fatal error: 'endian.h' file not found
#include <endian.h>
         ^~~~~~~~~~
1 error generated.
gmake[1]: *** [CMakeFiles/cmTC_05632.dir/build.make:79: CMakeFiles/cmTC_05632.dir/CheckIncludeFile.c.o] Error 1
gmake[1]: Leaving directory '/Users/stp/Code/CSL6/Libs/libsndfile-1.0.28/CMakeFiles/CMakeTmp'
gmake: *** [Makefile:127: cmTC_05632/fast] Error 2



Determining if the include file sndio.h exists failed with the following output:
Change Dir: /Users/stp/Code/CSL6/Libs/libsndfile-1.0.28/CMakeFiles/CMakeTmp

Run Build Command(s):/opt/homebrew/bin/gmake -f Makefile cmTC_ad7fc/fast && /opt/homebrew/bin/gmake  -f CMakeFiles/cmTC_ad7fc.dir/build.make CMakeFiles/cmTC_ad7fc.dir/build
gmake[1]: Entering directory '/Users/stp/Code/CSL6/Libs/libsndfile-1.0.28/CMakeFiles/CMakeTmp'
Building C object CMakeFiles/cmTC_ad7fc.dir/CheckIncludeFile.c.o
/Applications/Xcode.app/Contents/Developer/Toolchains/XcodeDefault.xctoolchain/usr/bin/cc   -Qunused-arguments -w  -arch arm64 -isysroot /Applications/Xcode.app/Contents/Developer/Platforms/MacOSX.platform/Developer/SDKs/MacOSX12.3.sdk -MD -MT CMakeFiles/cmTC_ad7fc.dir/CheckIncludeFile.c.o -MF CMakeFiles/cmTC_ad7fc.dir/CheckIncludeFile.c.o.d -o CMakeFiles/cmTC_ad7fc.dir/CheckIncludeFile.c.o -c /Users/stp/Code/CSL6/Libs/libsndfile-1.0.28/CMakeFiles/CMakeTmp/CheckIncludeFile.c
/Users/stp/Code/CSL6/Libs/libsndfile-1.0.28/CMakeFiles/CMakeTmp/CheckIncludeFile.c:1:10: fatal error: 'sndio.h' file not found
#include <sndio.h>
         ^~~~~~~~~
1 error generated.
gmake[1]: *** [CMakeFiles/cmTC_ad7fc.dir/build.make:79: CMakeFiles/cmTC_ad7fc.dir/CheckIncludeFile.c.o] Error 1
gmake[1]: Leaving directory '/Users/stp/Code/CSL6/Libs/libsndfile-1.0.28/CMakeFiles/CMakeTmp'
gmake: *** [Makefile:127: cmTC_ad7fc/fast] Error 2



Determining size of loff_t failed with the following output:
Change Dir: /Users/stp/Code/CSL6/Libs/libsndfile-1.0.28/CMakeFiles/CMakeTmp

Run Build Command(s):/opt/homebrew/bin/gmake -f Makefile cmTC_fae8c/fast && /opt/homebrew/bin/gmake  -f CMakeFiles/cmTC_fae8c.dir/build.make CMakeFiles/cmTC_fae8c.dir/build
gmake[1]: Entering directory '/Users/stp/Code/CSL6/Libs/libsndfile-1.0.28/CMakeFiles/CMakeTmp'
Building C object CMakeFiles/cmTC_fae8c.dir/size_loff_t.c.o
/Applications/Xcode.app/Contents/Developer/Toolchains/XcodeDefault.xctoolchain/usr/bin/cc   -Qunused-arguments -w  -arch arm64 -isysroot /Applications/Xcode.app/Contents/Developer/Platforms/MacOSX.platform/Developer/SDKs/MacOSX12.3.sdk -MD -MT CMakeFiles/cmTC_fae8c.dir/size_loff_t.c.o -MF CMakeFiles/cmTC_fae8c.dir/size_loff_t.c.o.d -o CMakeFiles/cmTC_fae8c.dir/size_loff_t.c.o -c /Users/stp/Code/CSL6/Libs/libsndfile-1.0.28/CMakeFiles/CheckTypeSize/size_loff_t.c
/Users/stp/Code/CSL6/Libs/libsndfile-1.0.28/CMakeFiles/CheckTypeSize/size_loff_t.c:29:12: error: use of undeclared identifier 'loff_t'
  ('0' + ((SIZE / 10000)%10)),
           ^
/Users/stp/Code/CSL6/Libs/libsndfile-1.0.28/CMakeFiles/CheckTypeSize/size_loff_t.c:27:22: note: expanded from macro 'SIZE'
#define SIZE (sizeof(loff_t))
                     ^
/Users/stp/Code/CSL6/Libs/libsndfile-1.0.28/CMakeFiles/CheckTypeSize/size_loff_t.c:30:12: error: use of undeclared identifier 'loff_t'
  ('0' + ((SIZE / 1000)%10)),
           ^
/Users/stp/Code/CSL6/Libs/libsndfile-1.0.28/CMakeFiles/CheckTypeSize/size_loff_t.c:27:22: note: expanded from macro 'SIZE'
#define SIZE (sizeof(loff_t))
                     ^
/Users/stp/Code/CSL6/Libs/libsndfile-1.0.28/CMakeFiles/CheckTypeSize/size_loff_t.c:31:12: error: use of undeclared identifier 'loff_t'
  ('0' + ((SIZE / 100)%10)),
           ^
/Users/stp/Code/CSL6/Libs/libsndfile-1.0.28/CMakeFiles/CheckTypeSize/size_loff_t.c:27:22: note: expanded from macro 'SIZE'
#define SIZE (sizeof(loff_t))
                     ^
/Users/stp/Code/CSL6/Libs/libsndfile-1.0.28/CMakeFiles/CheckTypeSize/size_loff_t.c:32:12: error: use of undeclared identifier 'loff_t'
  ('0' + ((SIZE / 10)%10)),
           ^
/Users/stp/Code/CSL6/Libs/libsndfile-1.0.28/CMakeFiles/CheckTypeSize/size_loff_t.c:27:22: note: expanded from macro 'SIZE'
#define SIZE (sizeof(loff_t))
                     ^
/Users/stp/Code/CSL6/Libs/libsndfile-1.0.28/CMakeFiles/CheckTypeSize/size_loff_t.c:33:12: error: use of undeclared identifier 'loff_t'
  ('0' +  (SIZE    % 10)),
           ^
/Users/stp/Code/CSL6/Libs/libsndfile-1.0.28/CMakeFiles/CheckTypeSize/size_loff_t.c:27:22: note: expanded from macro 'SIZE'
#define SIZE (sizeof(loff_t))
                     ^
5 errors generated.
gmake[1]: *** [CMakeFiles/cmTC_fae8c.dir/build.make:79: CMakeFiles/cmTC_fae8c.dir/size_loff_t.c.o] Error 1
gmake[1]: Leaving directory '/Users/stp/Code/CSL6/Libs/libsndfile-1.0.28/CMakeFiles/CMakeTmp'
gmake: *** [Makefile:127: cmTC_fae8c/fast] Error 2


/Users/stp/Code/CSL6/Libs/libsndfile-1.0.28/CMakeFiles/CheckTypeSize/size_loff_t.c:
#include <sys/types.h>
#include <stdint.h>
#include <stddef.h>


#undef KEY
#if defined(__i386)
# define KEY '_','_','i','3','8','6'
#elif defined(__x86_64)
# define KEY '_','_','x','8','6','_','6','4'
#elif defined(__PPC64__)
# define KEY '_','_','P','P','C','6','4','_','_'
#elif defined(__ppc64__)
# define KEY '_','_','p','p','c','6','4','_','_'
#elif defined(__PPC__)
# define KEY '_','_','P','P','C','_','_'
#elif defined(__ppc__)
# define KEY '_','_','p','p','c','_','_'
#elif defined(__aarch64__)
# define KEY '_','_','a','a','r','c','h','6','4','_','_'
#elif defined(__ARM_ARCH_7A__)
# define KEY '_','_','A','R','M','_','A','R','C','H','_','7','A','_','_'
#elif defined(__ARM_ARCH_7S__)
# define KEY '_','_','A','R','M','_','A','R','C','H','_','7','S','_','_'
#endif

#define SIZE (sizeof(loff_t))
static char info_size[] =  {'I', 'N', 'F', 'O', ':', 's','i','z','e','[',
  ('0' + ((SIZE / 10000)%10)),
  ('0' + ((SIZE / 1000)%10)),
  ('0' + ((SIZE / 100)%10)),
  ('0' + ((SIZE / 10)%10)),
  ('0' +  (SIZE    % 10)),
  ']',
#ifdef KEY
  ' ','k','e','y','[', KEY, ']',
#endif
  '\0'};

#ifdef __CLASSIC_C__
int main(argc, argv) int argc; char *argv[];
#else
int main(int argc, char *argv[])
#endif
{
  int require = 0;
  require += info_size[argc];
  (void)argv;
  return require;
}


Determining size of offt64_t failed with the following output:
Change Dir: /Users/stp/Code/CSL6/Libs/libsndfile-1.0.28/CMakeFiles/CMakeTmp

Run Build Command(s):/opt/homebrew/bin/gmake -f Makefile cmTC_25e5c/fast && /opt/homebrew/bin/gmake  -f CMakeFiles/cmTC_25e5c.dir/build.make CMakeFiles/cmTC_25e5c.dir/build
gmake[1]: Entering directory '/Users/stp/Code/CSL6/Libs/libsndfile-1.0.28/CMakeFiles/CMakeTmp'
Building C object CMakeFiles/cmTC_25e5c.dir/size_offt64_t.c.o
/Applications/Xcode.app/Contents/Developer/Toolchains/XcodeDefault.xctoolchain/usr/bin/cc   -Qunused-arguments -w  -arch arm64 -isysroot /Applications/Xcode.app/Contents/Developer/Platforms/MacOSX.platform/Developer/SDKs/MacOSX12.3.sdk -MD -MT CMakeFiles/cmTC_25e5c.dir/size_offt64_t.c.o -MF CMakeFiles/cmTC_25e5c.dir/size_offt64_t.c.o.d -o CMakeFiles/cmTC_25e5c.dir/size_offt64_t.c.o -c /Users/stp/Code/CSL6/Libs/libsndfile-1.0.28/CMakeFiles/CheckTypeSize/size_offt64_t.c
/Users/stp/Code/CSL6/Libs/libsndfile-1.0.28/CMakeFiles/CheckTypeSize/size_offt64_t.c:29:12: error: use of undeclared identifier 'offt64_t'
  ('0' + ((SIZE / 10000)%10)),
           ^
/Users/stp/Code/CSL6/Libs/libsndfile-1.0.28/CMakeFiles/CheckTypeSize/size_offt64_t.c:27:22: note: expanded from macro 'SIZE'
#define SIZE (sizeof(offt64_t))
                     ^
/Users/stp/Code/CSL6/Libs/libsndfile-1.0.28/CMakeFiles/CheckTypeSize/size_offt64_t.c:30:12: error: use of undeclared identifier 'offt64_t'
  ('0' + ((SIZE / 1000)%10)),
           ^
/Users/stp/Code/CSL6/Libs/libsndfile-1.0.28/CMakeFiles/CheckTypeSize/size_offt64_t.c:27:22: note: expanded from macro 'SIZE'
#define SIZE (sizeof(offt64_t))
                     ^
/Users/stp/Code/CSL6/Libs/libsndfile-1.0.28/CMakeFiles/CheckTypeSize/size_offt64_t.c:31:12: error: use of undeclared identifier 'offt64_t'
  ('0' + ((SIZE / 100)%10)),
           ^
/Users/stp/Code/CSL6/Libs/libsndfile-1.0.28/CMakeFiles/CheckTypeSize/size_offt64_t.c:27:22: note: expanded from macro 'SIZE'
#define SIZE (sizeof(offt64_t))
                     ^
/Users/stp/Code/CSL6/Libs/libsndfile-1.0.28/CMakeFiles/CheckTypeSize/size_offt64_t.c:32:12: error: use of undeclared identifier 'offt64_t'
  ('0' + ((SIZE / 10)%10)),
           ^
/Users/stp/Code/CSL6/Libs/libsndfile-1.0.28/CMakeFiles/CheckTypeSize/size_offt64_t.c:27:22: note: expanded from macro 'SIZE'
#define SIZE (sizeof(offt64_t))
                     ^
/Users/stp/Code/CSL6/Libs/libsndfile-1.0.28/CMakeFiles/CheckTypeSize/size_offt64_t.c:33:12: error: use of undeclared identifier 'offt64_t'
  ('0' +  (SIZE    % 10)),
           ^
/Users/stp/Code/CSL6/Libs/libsndfile-1.0.28/CMakeFiles/CheckTypeSize/size_offt64_t.c:27:22: note: expanded from macro 'SIZE'
#define SIZE (sizeof(offt64_t))
                     ^
5 errors generated.
gmake[1]: *** [CMakeFiles/cmTC_25e5c.dir/build.make:79: CMakeFiles/cmTC_25e5c.dir/size_offt64_t.c.o] Error 1
gmake[1]: Leaving directory '/Users/stp/Code/CSL6/Libs/libsndfile-1.0.28/CMakeFiles/CMakeTmp'
gmake: *** [Makefile:127: cmTC_25e5c/fast] Error 2


/Users/stp/Code/CSL6/Libs/libsndfile-1.0.28/CMakeFiles/CheckTypeSize/size_offt64_t.c:
#include <sys/types.h>
#include <stdint.h>
#include <stddef.h>


#undef KEY
#if defined(__i386)
# define KEY '_','_','i','3','8','6'
#elif defined(__x86_64)
# define KEY '_','_','x','8','6','_','6','4'
#elif defined(__PPC64__)
# define KEY '_','_','P','P','C','6','4','_','_'
#elif defined(__ppc64__)
# define KEY '_','_','p','p','c','6','4','_','_'
#elif defined(__PPC__)
# define KEY '_','_','P','P','C','_','_'
#elif defined(__ppc__)
# define KEY '_','_','p','p','c','_','_'
#elif defined(__aarch64__)
# define KEY '_','_','a','a','r','c','h','6','4','_','_'
#elif defined(__ARM_ARCH_7A__)
# define KEY '_','_','A','R','M','_','A','R','C','H','_','7','A','_','_'
#elif defined(__ARM_ARCH_7S__)
# define KEY '_','_','A','R','M','_','A','R','C','H','_','7','S','_','_'
#endif

#define SIZE (sizeof(offt64_t))
static char info_size[] =  {'I', 'N', 'F', 'O', ':', 's','i','z','e','[',
  ('0' + ((SIZE / 10000)%10)),
  ('0' + ((SIZE / 1000)%10)),
  ('0' + ((SIZE / 100)%10)),
  ('0' + ((SIZE / 10)%10)),
  ('0' +  (SIZE    % 10)),
  ']',
#ifdef KEY
  ' ','k','e','y','[', KEY, ']',
#endif
  '\0'};

#ifdef __CLASSIC_C__
int main(argc, argv) int argc; char *argv[];
#else
int main(int argc, char *argv[])
#endif
{
  int require = 0;
  require += info_size[argc];
  (void)argv;
  return require;
}


Determining if the function lseek64 exists failed with the following output:
Change Dir: /Users/stp/Code/CSL6/Libs/libsndfile-1.0.28/CMakeFiles/CMakeTmp

Run Build Command(s):/opt/homebrew/bin/gmake -f Makefile cmTC_c1e84/fast && /opt/homebrew/bin/gmake  -f CMakeFiles/cmTC_c1e84.dir/build.make CMakeFiles/cmTC_c1e84.dir/build
gmake[1]: Entering directory '/Users/stp/Code/CSL6/Libs/libsndfile-1.0.28/CMakeFiles/CMakeTmp'
Building C object CMakeFiles/cmTC_c1e84.dir/CheckFunctionExists.c.o
/Applications/Xcode.app/Contents/Developer/Toolchains/XcodeDefault.xctoolchain/usr/bin/cc   -Qunused-arguments -w -DCHECK_FUNCTION_EXISTS=lseek64 -arch arm64 -isysroot /Applications/Xcode.app/Contents/Developer/Platforms/MacOSX.platform/Developer/SDKs/MacOSX12.3.sdk -MD -MT CMakeFiles/cmTC_c1e84.dir/CheckFunctionExists.c.o -MF CMakeFiles/cmTC_c1e84.dir/CheckFunctionExists.c.o.d -o CMakeFiles/cmTC_c1e84.dir/CheckFunctionExists.c.o -c /opt/homebrew/Cellar/cmake/3.24.1/share/cmake/Modules/CheckFunctionExists.c
Linking C executable cmTC_c1e84
/opt/homebrew/Cellar/cmake/3.24.1/bin/cmake -E cmake_link_script CMakeFiles/cmTC_c1e84.dir/link.txt --verbose=1
/Applications/Xcode.app/Contents/Developer/Toolchains/XcodeDefault.xctoolchain/usr/bin/cc -Qunused-arguments -w -DCHECK_FUNCTION_EXISTS=lseek64 -arch arm64 -isysroot /Applications/Xcode.app/Contents/Developer/Platforms/MacOSX.platform/Developer/SDKs/MacOSX12.3.sdk -Wl,-search_paths_first -Wl,-headerpad_max_install_names -L/usr/local/lib -L/opt/homebrew/lib  CMakeFiles/cmTC_c1e84.dir/CheckFunctionExists.c.o -o cmTC_c1e84 
Undefined symbols for architecture arm64:
  "_lseek64", referenced from:
      _main in CheckFunctionExists.c.o
ld: symbol(s) not found for architecture arm64
clang: error: linker command failed with exit code 1 (use -v to see invocation)
gmake[1]: *** [CMakeFiles/cmTC_c1e84.dir/build.make:100: cmTC_c1e84] Error 1
gmake[1]: Leaving directory '/Users/stp/Code/CSL6/Libs/libsndfile-1.0.28/CMakeFiles/CMakeTmp'
gmake: *** [Makefile:127: cmTC_c1e84/fast] Error 2



